<?xml version="1.0" encoding="UTF-8"?>
<!-- Generated by org.testng.reporters.JUnitXMLReporter -->
<testsuite ignored="0" hostname="DESKTOP-MNVGOOD" failures="1" tests="1" name="chrome test" time="7.106" errors="0" timestamp="2023-07-17T20:03:05 MDT">
  <testcase classname="testCases.TC_001_AccountRegistrationTest" name="test_Acc_Registration" time="2.083">
    <failure type="java.lang.AssertionError" message="null">
      <![CDATA[java.lang.AssertionError: null
at testCases.TC_001_AccountRegistrationTest.test_Acc_Registration(TC_001_AccountRegistrationTest.java:47)
at java.base/java.util.ArrayList.forEach(ArrayList.java:1511)
... Removed 29 stack frames]]>
    </failure>
  </testcase> <!-- test_Acc_Registration -->
</testsuite> <!-- chrome test -->
